[INFO] Scanning for projects...
[INFO] 
[INFO] ---------------------< com.tradewise:user-service >---------------------
[INFO] Building user-service 0.0.1-SNAPSHOT
[INFO]   from pom.xml
[INFO] --------------------------------[ jar ]---------------------------------
[INFO] 
[INFO] >>> spring-boot:3.4.11:run (default-cli) > test-compile @ user-service >>>
[INFO] 
[INFO] --- resources:3.3.1:resources (default-resources) @ user-service ---
[INFO] Copying 1 resource from src/main/resources to target/classes
[INFO] Copying 0 resource from src/main/resources to target/classes
[INFO] 
[INFO] --- compiler:3.13.0:compile (default-compile) @ user-service ---
[INFO] Nothing to compile - all classes are up to date.
[INFO] 
[INFO] --- resources:3.3.1:testResources (default-testResources) @ user-service ---
[INFO] skip non existing resourceDirectory /Users/utkarshalshi/Desktop/TradeWise/user-service/src/test/resources
[INFO] 
[INFO] --- compiler:3.13.0:testCompile (default-testCompile) @ user-service ---
[INFO] Nothing to compile - all classes are up to date.
[INFO] 
[INFO] <<< spring-boot:3.4.11:run (default-cli) < test-compile @ user-service <<<
[INFO] 
[INFO] 
[INFO] --- spring-boot:3.4.11:run (default-cli) @ user-service ---
[INFO] Attaching agents: []

  .   ____          _            __ _ _
 /\\ / ___'_ __ _ _(_)_ __  __ _ \ \ \ \
( ( )\___ | '_ | '_| | '_ \/ _` | \ \ \ \
 \\/  ___)| |_)| | | | | || (_| |  ) ) ) )
  '  |____| .__|_| |_|_| |_\__, | / / / /
 =========|_|==============|___/=/_/_/_/

 :: Spring Boot ::               (v3.4.11)

2025-12-19T21:19:59.266+05:30  INFO 92864 --- [user-service] [  restartedMain] c.t.userservice.UserServiceApplication   : Starting UserServiceApplication using Java 17.0.7 with PID 92864 (/Users/utkarshalshi/Desktop/TradeWise/user-service/target/classes started by utkarshalshi in /Users/utkarshalshi/Desktop/TradeWise/user-service)
2025-12-19T21:19:59.267+05:30 DEBUG 92864 --- [user-service] [  restartedMain] c.t.userservice.UserServiceApplication   : Running with Spring Boot v3.4.11, Spring v6.2.12
2025-12-19T21:19:59.267+05:30  INFO 92864 --- [user-service] [  restartedMain] c.t.userservice.UserServiceApplication   : No active profile set, falling back to 1 default profile: "default"
2025-12-19T21:19:59.287+05:30  INFO 92864 --- [user-service] [  restartedMain] .e.DevToolsPropertyDefaultsPostProcessor : Devtools property defaults active! Set 'spring.devtools.add-properties' to 'false' to disable
2025-12-19T21:19:59.287+05:30  INFO 92864 --- [user-service] [  restartedMain] .e.DevToolsPropertyDefaultsPostProcessor : For additional web related logging consider setting the 'logging.level.web' property to 'DEBUG'
2025-12-19T21:19:59.660+05:30  INFO 92864 --- [user-service] [  restartedMain] .s.d.r.c.RepositoryConfigurationDelegate : Bootstrapping Spring Data JPA repositories in DEFAULT mode.
2025-12-19T21:19:59.691+05:30  INFO 92864 --- [user-service] [  restartedMain] .s.d.r.c.RepositoryConfigurationDelegate : Finished Spring Data repository scanning in 25 ms. Found 1 JPA repository interface.
2025-12-19T21:19:59.991+05:30  INFO 92864 --- [user-service] [  restartedMain] o.s.b.w.embedded.tomcat.TomcatWebServer  : Tomcat initialized with port 8081 (http)
2025-12-19T21:19:59.998+05:30  INFO 92864 --- [user-service] [  restartedMain] o.apache.catalina.core.StandardService   : Starting service [Tomcat]
2025-12-19T21:19:59.999+05:30  INFO 92864 --- [user-service] [  restartedMain] o.apache.catalina.core.StandardEngine    : Starting Servlet engine: [Apache Tomcat/10.1.48]
2025-12-19T21:20:00.016+05:30  INFO 92864 --- [user-service] [  restartedMain] o.a.c.c.C.[Tomcat].[localhost].[/]       : Initializing Spring embedded WebApplicationContext
2025-12-19T21:20:00.016+05:30  INFO 92864 --- [user-service] [  restartedMain] w.s.c.ServletWebServerApplicationContext : Root WebApplicationContext: initialization completed in 728 ms
2025-12-19T21:20:00.084+05:30  INFO 92864 --- [user-service] [  restartedMain] o.hibernate.jpa.internal.util.LogHelper  : HHH000204: Processing PersistenceUnitInfo [name: default]
2025-12-19T21:20:00.144+05:30  INFO 92864 --- [user-service] [  restartedMain] org.hibernate.Version                    : HHH000412: Hibernate ORM core version 6.6.33.Final
2025-12-19T21:20:00.169+05:30  INFO 92864 --- [user-service] [  restartedMain] o.h.c.internal.RegionFactoryInitiator    : HHH000026: Second-level cache disabled
2025-12-19T21:20:00.319+05:30  INFO 92864 --- [user-service] [  restartedMain] o.s.o.j.p.SpringPersistenceUnitInfo      : No LoadTimeWeaver setup: ignoring JPA class transformer
2025-12-19T21:20:00.345+05:30  INFO 92864 --- [user-service] [  restartedMain] com.zaxxer.hikari.HikariDataSource       : HikariPool-1 - Starting...
2025-12-19T21:20:00.485+05:30  INFO 92864 --- [user-service] [  restartedMain] com.zaxxer.hikari.pool.HikariPool        : HikariPool-1 - Added connection org.postgresql.jdbc.PgConnection@26e14ba4
2025-12-19T21:20:00.486+05:30  INFO 92864 --- [user-service] [  restartedMain] com.zaxxer.hikari.HikariDataSource       : HikariPool-1 - Start completed.
2025-12-19T21:20:00.524+05:30  WARN 92864 --- [user-service] [  restartedMain] org.hibernate.orm.deprecation            : HHH90000025: PostgreSQLDialect does not need to be specified explicitly using 'hibernate.dialect' (remove the property setting and it will be selected by default)
2025-12-19T21:20:00.536+05:30  INFO 92864 --- [user-service] [  restartedMain] org.hibernate.orm.connections.pooling    : HHH10001005: Database info:
	Database JDBC URL [Connecting through datasource 'HikariDataSource (HikariPool-1)']
	Database driver: undefined/unknown
	Database version: 15.14
	Autocommit mode: undefined/unknown
	Isolation level: undefined/unknown
	Minimum pool size: undefined/unknown
	Maximum pool size: undefined/unknown
2025-12-19T21:20:00.977+05:30  INFO 92864 --- [user-service] [  restartedMain] o.h.e.t.j.p.i.JtaPlatformInitiator       : HHH000489: No JTA platform available (set 'hibernate.transaction.jta.platform' to enable JTA platform integration)
2025-12-19T21:20:01.035+05:30  INFO 92864 --- [user-service] [  restartedMain] j.LocalContainerEntityManagerFactoryBean : Initialized JPA EntityManagerFactory for persistence unit 'default'
2025-12-19T21:20:01.174+05:30 DEBUG 92864 --- [user-service] [  restartedMain] c.t.userservice.security.JwtAuthFilter   : Filter 'jwtAuthFilter' configured for use
2025-12-19T21:20:01.212+05:30  WARN 92864 --- [user-service] [  restartedMain] JpaBaseConfiguration$JpaWebConfiguration : spring.jpa.open-in-view is enabled by default. Therefore, database queries may be performed during view rendering. Explicitly configure spring.jpa.open-in-view to disable this warning
2025-12-19T21:20:01.226+05:30  INFO 92864 --- [user-service] [  restartedMain] eAuthenticationProviderManagerConfigurer : Global AuthenticationManager configured with AuthenticationProvider bean with name authenticationProvider
2025-12-19T21:20:01.227+05:30  WARN 92864 --- [user-service] [  restartedMain] r$InitializeUserDetailsManagerConfigurer : Global AuthenticationManager configured with an AuthenticationProvider bean. UserDetailsService beans will not be used by Spring Security for automatically configuring username/password login. Consider removing the AuthenticationProvider bean. Alternatively, consider using the UserDetailsService in a manually instantiated DaoAuthenticationProvider. If the current configuration is intentional, to turn off this warning, increase the logging level of 'org.springframework.security.config.annotation.authentication.configuration.InitializeUserDetailsBeanManagerConfigurer' to ERROR
2025-12-19T21:20:01.444+05:30  INFO 92864 --- [user-service] [  restartedMain] o.s.b.d.a.OptionalLiveReloadServer       : LiveReload server is running on port 35729
2025-12-19T21:20:01.461+05:30  INFO 92864 --- [user-service] [  restartedMain] o.s.b.w.embedded.tomcat.TomcatWebServer  : Tomcat started on port 8081 (http) with context path '/'
2025-12-19T21:20:01.467+05:30  INFO 92864 --- [user-service] [  restartedMain] c.t.userservice.UserServiceApplication   : Started UserServiceApplication in 2.39 seconds (process running for 2.564)
2025-12-19T21:21:11.652+05:30  INFO 92864 --- [user-service] [nio-8081-exec-1] o.a.c.c.C.[Tomcat].[localhost].[/]       : Initializing Spring DispatcherServlet 'dispatcherServlet'
2025-12-19T21:21:11.664+05:30  INFO 92864 --- [user-service] [nio-8081-exec-1] o.s.web.servlet.DispatcherServlet        : Initializing Servlet 'dispatcherServlet'
2025-12-19T21:21:11.717+05:30  INFO 92864 --- [user-service] [nio-8081-exec-1] o.s.web.servlet.DispatcherServlet        : Completed initialization in 52 ms
2025-12-19T21:38:47.882+05:30 DEBUG 92864 --- [user-service] [nio-8081-exec-6] org.hibernate.SQL                        : 
    select
        u1_0.id,
        u1_0.created_at,
        u1_0.email,
        u1_0.password_hash 
    from
        users u1_0 
    where
        u1_0.email=?
Hibernate: 
    select
        u1_0.id,
        u1_0.created_at,
        u1_0.email,
        u1_0.password_hash 
    from
        users u1_0 
    where
        u1_0.email=?
2025-12-19T21:38:48.052+05:30 DEBUG 92864 --- [user-service] [nio-8081-exec-6] org.hibernate.SQL                        : 
    insert 
    into
        users
        (created_at, email, password_hash, id) 
    values
        (?, ?, ?, ?)
Hibernate: 
    insert 
    into
        users
        (created_at, email, password_hash, id) 
    values
        (?, ?, ?, ?)
2025-12-19T21:38:53.462+05:30 DEBUG 92864 --- [user-service] [nio-8081-exec-7] org.hibernate.SQL                        : 
    select
        u1_0.id,
        u1_0.created_at,
        u1_0.email,
        u1_0.password_hash 
    from
        users u1_0 
    where
        u1_0.email=?
Hibernate: 
    select
        u1_0.id,
        u1_0.created_at,
        u1_0.email,
        u1_0.password_hash 
    from
        users u1_0 
    where
        u1_0.email=?
